[01;34m.[00m
├── [01;34mDesktop[00m
├── [01;34mDocuments[00m
├── [01;34mDownloads[00m
├── [01;34mMusic[00m
├── [01;34mPictures[00m
├── [01;34mplaypen[00m
│   ├── [01;34mfolder1[00m
│   │   └── file1.txt
│   ├── [01;34mfolder2[00m
│   │   └── file2.txt
│   └── play.txt
├── [01;34mPublic[00m
├── [01;34msandbox[00m
│   ├── commands.txt
│   ├── [01;34mdir1[00m
│   │   └── file1.txt
│   └── [01;34mdir2[00m
│       └── file2.txt
├── [01;34mTemplates[00m
├── tree.out
└── [01;34mVideos[00m

14 directories, 7 files
